非终结语词在文法中无用

    wrong


终端机在文法中未使用

    PTR
    LEFT_OP
    RIGHT_OP
    STRUCT
    CASE
    DEFAULT
    SWITCH
    GOTO
    CONTINUE
    BREAK
    ':'


语法中的规则无效

   67 wrong: T Did_list ':'
   68      | e ':'
   69      | PRINT '(' ')'


语法

    0 $accept: all $end

    1 all: p_list
    2    | error

    3 p_list: p p_list
    4       | s p_list
    5       | s
    6       | p

    7 p: T ID '(' dec_param_list ')' '{' s_list '}'
    8  | T ID '(' ')' '{' s_list '}'

    9 s_list: s s_list
   10       | s

   11 s: IF '(' e ')' '{' s_list '}'
   12  | IF '(' e ')' '{' s_list '}' ELSE '{' s_list '}'
   13  | WHILE '(' e ')' '{' s_list '}'
   14  | DO '{' s_list '}' WHILE '(' e ')' ';'
   15  | FOR '(' e ';' e ';' e ')' '{' s_list '}'
   16  | T Did_list ';'
   17  | T Aid_list ';'
   18  | PRINT '(' e ')' ';'
   19  | e ';'
   20  | RETURN e ';'

   21 dec_param_list: dec_param ',' dec_param_list
   22               | dec_param

   23 dec_param: T ID

   24 param_list: e ',' param_list
   25           | e

   26 Aid_list: Aid ',' Aid_list
   27         | Aid

   28 Aid: ID '[' NUM ']'

   29 Did_list: Did ',' Did_list
   30         | Did

   31 Did: '*' Did
   32    | ID
   33    | ID '=' e

   34 e: e OR e
   35  | e AND e
   36  | '!' e
   37  | ID '(' param_list ')'
   38  | ID '(' ')'
   39  | '(' e ')'
   40  | e '<' e
   41  | e '>' e
   42  | e LE e
   43  | e GE e
   44  | e EQ e
   45  | e NE e
   46  | e '+' e
   47  | e '-' e
   48  | e '*' e
   49  | e '/' e
   50  | e '%' e
   51  | e '^' e
   52  | TRUE
   53  | FALSE
   54  | '-' e
   55  | e '=' e
   56  | INPUT '(' ')'
   57  | NUM
   58  | STR
   59  | ID
   60  | e INC
   61  | e DEC
   62  | INC e
   63  | DEC e
   64  | ID '[' e ']'
   65  | '*' e
   66  | '&' e


终结语词，附有它们出现处的规则

    $end (0) 0
    '!' (33) 36
    '%' (37) 50
    '&' (38) 66
    '(' (40) 7 8 11 12 13 14 15 18 37 38 39 56
    ')' (41) 7 8 11 12 13 14 15 18 37 38 39 56
    '*' (42) 31 48 65
    '+' (43) 46
    ',' (44) 21 24 26 29
    '-' (45) 47 54
    '/' (47) 49
    ':' (58)
    ';' (59) 14 15 16 17 18 19 20
    '<' (60) 40
    '=' (61) 33 55
    '>' (62) 41
    '[' (91) 28 64
    ']' (93) 28 64
    '^' (94) 51
    '{' (123) 7 8 11 12 13 14 15
    '}' (125) 7 8 11 12 13 14 15
    error (256) 2
    ID <id> (258) 7 8 23 28 32 33 37 38 59 64
    NUM <value> (259) 28 57
    STR <str> (260) 58
    T <type> (261) 7 8 16 17 23
    TRUE (262) 52
    FALSE (263) 53
    PTR (264)
    INC (265) 60 62
    DEC (266) 61 63
    LEFT_OP (267)
    RIGHT_OP (268)
    LE (269) 42
    GE (270) 43
    EQ (271) 44
    NE (272) 45
    AND (273) 35
    OR (274) 34
    STRUCT (275)
    CASE (276)
    DEFAULT (277)
    IF (278) 11 12
    ELSE (279) 12
    SWITCH (280)
    WHILE (281) 13 14
    DO (282) 14
    FOR (283) 15
    GOTO (284)
    CONTINUE (285)
    BREAK (286)
    RETURN (287) 20
    PRINT (288) 18
    INPUT (289) 56
    lt_else (290)
    UMINUS (291)


非终结语词，附有它们出现处的规则

    $accept (57)
        on left: 0
    all (58)
        on left: 1 2
        on right: 0
    p_list (59)
        on left: 3 4 5 6
        on right: 1 3 4
    p (60)
        on left: 7 8
        on right: 3 6
    s_list (61)
        on left: 9 10
        on right: 7 8 9 11 12 13 14 15
    s (62)
        on left: 11 12 13 14 15 16 17 18 19 20
        on right: 4 5 9 10
    dec_param_list (63)
        on left: 21 22
        on right: 7 21
    dec_param (64)
        on left: 23
        on right: 21 22
    param_list (65)
        on left: 24 25
        on right: 24 37
    Aid_list (66)
        on left: 26 27
        on right: 17 26
    Aid (67)
        on left: 28
        on right: 26 27
    Did_list (68)
        on left: 29 30
        on right: 16 29
    Did (69)
        on left: 31 32 33
        on right: 29 30 31
    e <id> (70)
        on left: 34 35 36 37 38 39 40 41 42 43 44 45 46 47 48 49 50 51 52 53 54 55 56 57 58 59 60 61 62 63 64 65 66
        on right: 11 12 13 14 15 18 19 20 24 25 33 34 35 36 39 40 41 42 43 44 45 46 47 48 49 50 51 54 55 60 61 62 63 64 65 66


状态 0

    0 $accept: . all $end

    error   偏移，并进入状态 1
    ID      偏移，并进入状态 2
    NUM     偏移，并进入状态 3
    STR     偏移，并进入状态 4
    T       偏移，并进入状态 5
    TRUE    偏移，并进入状态 6
    FALSE   偏移，并进入状态 7
    INC     偏移，并进入状态 8
    DEC     偏移，并进入状态 9
    IF      偏移，并进入状态 10
    WHILE   偏移，并进入状态 11
    DO      偏移，并进入状态 12
    FOR     偏移，并进入状态 13
    RETURN  偏移，并进入状态 14
    PRINT   偏移，并进入状态 15
    INPUT   偏移，并进入状态 16
    '-'     偏移，并进入状态 17
    '*'     偏移，并进入状态 18
    '!'     偏移，并进入状态 19
    '&'     偏移，并进入状态 20
    '('     偏移，并进入状态 21

    all     转到状态 22
    p_list  转到状态 23
    p       转到状态 24
    s       转到状态 25
    e       转到状态 26


状态 1

    2 all: error .

    $default  使用规则 2 以归约 (all)


状态 2

   37 e: ID . '(' param_list ')'
   38  | ID . '(' ')'
   59  | ID .
   64  | ID . '[' e ']'

    '('  偏移，并进入状态 27
    '['  偏移，并进入状态 28

    $default  使用规则 59 以归约 (e)


状态 3

   57 e: NUM .

    $default  使用规则 57 以归约 (e)


状态 4

   58 e: STR .

    $default  使用规则 58 以归约 (e)


状态 5

    7 p: T . ID '(' dec_param_list ')' '{' s_list '}'
    8  | T . ID '(' ')' '{' s_list '}'
   16 s: T . Did_list ';'
   17  | T . Aid_list ';'

    ID   偏移，并进入状态 29
    '*'  偏移，并进入状态 30

    Aid_list  转到状态 31
    Aid       转到状态 32
    Did_list  转到状态 33
    Did       转到状态 34


状态 6

   52 e: TRUE .

    $default  使用规则 52 以归约 (e)


状态 7

   53 e: FALSE .

    $default  使用规则 53 以归约 (e)


状态 8

   62 e: INC . e

    ID     偏移，并进入状态 2
    NUM    偏移，并进入状态 3
    STR    偏移，并进入状态 4
    TRUE   偏移，并进入状态 6
    FALSE  偏移，并进入状态 7
    INC    偏移，并进入状态 8
    DEC    偏移，并进入状态 9
    INPUT  偏移，并进入状态 16
    '-'    偏移，并进入状态 17
    '*'    偏移，并进入状态 18
    '!'    偏移，并进入状态 19
    '&'    偏移，并进入状态 20
    '('    偏移，并进入状态 21

    e  转到状态 35


状态 9

   63 e: DEC . e

    ID     偏移，并进入状态 2
    NUM    偏移，并进入状态 3
    STR    偏移，并进入状态 4
    TRUE   偏移，并进入状态 6
    FALSE  偏移，并进入状态 7
    INC    偏移，并进入状态 8
    DEC    偏移，并进入状态 9
    INPUT  偏移，并进入状态 16
    '-'    偏移，并进入状态 17
    '*'    偏移，并进入状态 18
    '!'    偏移，并进入状态 19
    '&'    偏移，并进入状态 20
    '('    偏移，并进入状态 21

    e  转到状态 36


状态 10

   11 s: IF . '(' e ')' '{' s_list '}'
   12  | IF . '(' e ')' '{' s_list '}' ELSE '{' s_list '}'

    '('  偏移，并进入状态 37


状态 11

   13 s: WHILE . '(' e ')' '{' s_list '}'

    '('  偏移，并进入状态 38


状态 12

   14 s: DO . '{' s_list '}' WHILE '(' e ')' ';'

    '{'  偏移，并进入状态 39


状态 13

   15 s: FOR . '(' e ';' e ';' e ')' '{' s_list '}'

    '('  偏移，并进入状态 40


状态 14

   20 s: RETURN . e ';'

    ID     偏移，并进入状态 2
    NUM    偏移，并进入状态 3
    STR    偏移，并进入状态 4
    TRUE   偏移，并进入状态 6
    FALSE  偏移，并进入状态 7
    INC    偏移，并进入状态 8
    DEC    偏移，并进入状态 9
    INPUT  偏移，并进入状态 16
    '-'    偏移，并进入状态 17
    '*'    偏移，并进入状态 18
    '!'    偏移，并进入状态 19
    '&'    偏移，并进入状态 20
    '('    偏移，并进入状态 21

    e  转到状态 41


状态 15

   18 s: PRINT . '(' e ')' ';'

    '('  偏移，并进入状态 42


状态 16

   56 e: INPUT . '(' ')'

    '('  偏移，并进入状态 43


状态 17

   54 e: '-' . e

    ID     偏移，并进入状态 2
    NUM    偏移，并进入状态 3
    STR    偏移，并进入状态 4
    TRUE   偏移，并进入状态 6
    FALSE  偏移，并进入状态 7
    INC    偏移，并进入状态 8
    DEC    偏移，并进入状态 9
    INPUT  偏移，并进入状态 16
    '-'    偏移，并进入状态 17
    '*'    偏移，并进入状态 18
    '!'    偏移，并进入状态 19
    '&'    偏移，并进入状态 20
    '('    偏移，并进入状态 21

    e  转到状态 44


状态 18

   65 e: '*' . e

    ID     偏移，并进入状态 2
    NUM    偏移，并进入状态 3
    STR    偏移，并进入状态 4
    TRUE   偏移，并进入状态 6
    FALSE  偏移，并进入状态 7
    INC    偏移，并进入状态 8
    DEC    偏移，并进入状态 9
    INPUT  偏移，并进入状态 16
    '-'    偏移，并进入状态 17
    '*'    偏移，并进入状态 18
    '!'    偏移，并进入状态 19
    '&'    偏移，并进入状态 20
    '('    偏移，并进入状态 21

    e  转到状态 45


状态 19

   36 e: '!' . e

    ID     偏移，并进入状态 2
    NUM    偏移，并进入状态 3
    STR    偏移，并进入状态 4
    TRUE   偏移，并进入状态 6
    FALSE  偏移，并进入状态 7
    INC    偏移，并进入状态 8
    DEC    偏移，并进入状态 9
    INPUT  偏移，并进入状态 16
    '-'    偏移，并进入状态 17
    '*'    偏移，并进入状态 18
    '!'    偏移，并进入状态 19
    '&'    偏移，并进入状态 20
    '('    偏移，并进入状态 21

    e  转到状态 46


状态 20

   66 e: '&' . e

    ID     偏移，并进入状态 2
    NUM    偏移，并进入状态 3
    STR    偏移，并进入状态 4
    TRUE   偏移，并进入状态 6
    FALSE  偏移，并进入状态 7
    INC    偏移，并进入状态 8
    DEC    偏移，并进入状态 9
    INPUT  偏移，并进入状态 16
    '-'    偏移，并进入状态 17
    '*'    偏移，并进入状态 18
    '!'    偏移，并进入状态 19
    '&'    偏移，并进入状态 20
    '('    偏移，并进入状态 21

    e  转到状态 47


状态 21

   39 e: '(' . e ')'

    ID     偏移，并进入状态 2
    NUM    偏移，并进入状态 3
    STR    偏移，并进入状态 4
    TRUE   偏移，并进入状态 6
    FALSE  偏移，并进入状态 7
    INC    偏移，并进入状态 8
    DEC    偏移，并进入状态 9
    INPUT  偏移，并进入状态 16
    '-'    偏移，并进入状态 17
    '*'    偏移，并进入状态 18
    '!'    偏移，并进入状态 19
    '&'    偏移，并进入状态 20
    '('    偏移，并进入状态 21

    e  转到状态 48


状态 22

    0 $accept: all . $end

    $end  偏移，并进入状态 49


状态 23

    1 all: p_list .

    $default  使用规则 1 以归约 (all)


状态 24

    3 p_list: p . p_list
    6       | p .

    ID      偏移，并进入状态 2
    NUM     偏移，并进入状态 3
    STR     偏移，并进入状态 4
    T       偏移，并进入状态 5
    TRUE    偏移，并进入状态 6
    FALSE   偏移，并进入状态 7
    INC     偏移，并进入状态 8
    DEC     偏移，并进入状态 9
    IF      偏移，并进入状态 10
    WHILE   偏移，并进入状态 11
    DO      偏移，并进入状态 12
    FOR     偏移，并进入状态 13
    RETURN  偏移，并进入状态 14
    PRINT   偏移，并进入状态 15
    INPUT   偏移，并进入状态 16
    '-'     偏移，并进入状态 17
    '*'     偏移，并进入状态 18
    '!'     偏移，并进入状态 19
    '&'     偏移，并进入状态 20
    '('     偏移，并进入状态 21

    $default  使用规则 6 以归约 (p_list)

    p_list  转到状态 50
    p       转到状态 24
    s       转到状态 25
    e       转到状态 26


状态 25

    4 p_list: s . p_list
    5       | s .

    ID      偏移，并进入状态 2
    NUM     偏移，并进入状态 3
    STR     偏移，并进入状态 4
    T       偏移，并进入状态 5
    TRUE    偏移，并进入状态 6
    FALSE   偏移，并进入状态 7
    INC     偏移，并进入状态 8
    DEC     偏移，并进入状态 9
    IF      偏移，并进入状态 10
    WHILE   偏移，并进入状态 11
    DO      偏移，并进入状态 12
    FOR     偏移，并进入状态 13
    RETURN  偏移，并进入状态 14
    PRINT   偏移，并进入状态 15
    INPUT   偏移，并进入状态 16
    '-'     偏移，并进入状态 17
    '*'     偏移，并进入状态 18
    '!'     偏移，并进入状态 19
    '&'     偏移，并进入状态 20
    '('     偏移，并进入状态 21

    $default  使用规则 5 以归约 (p_list)

    p_list  转到状态 51
    p       转到状态 24
    s       转到状态 25
    e       转到状态 26


状态 26

   19 s: e . ';'
   34 e: e . OR e
   35  | e . AND e
   40  | e . '<' e
   41  | e . '>' e
   42  | e . LE e
   43  | e . GE e
   44  | e . EQ e
   45  | e . NE e
   46  | e . '+' e
   47  | e . '-' e
   48  | e . '*' e
   49  | e . '/' e
   50  | e . '%' e
   51  | e . '^' e
   55  | e . '=' e
   60  | e . INC
   61  | e . DEC

    INC  偏移，并进入状态 52
    DEC  偏移，并进入状态 53
    LE   偏移，并进入状态 54
    GE   偏移，并进入状态 55
    EQ   偏移，并进入状态 56
    NE   偏移，并进入状态 57
    AND  偏移，并进入状态 58
    OR   偏移，并进入状态 59
    '='  偏移，并进入状态 60
    '>'  偏移，并进入状态 61
    '<'  偏移，并进入状态 62
    '+'  偏移，并进入状态 63
    '-'  偏移，并进入状态 64
    '*'  偏移，并进入状态 65
    '/'  偏移，并进入状态 66
    '%'  偏移，并进入状态 67
    '^'  偏移，并进入状态 68
    ';'  偏移，并进入状态 69


状态 27

   37 e: ID '(' . param_list ')'
   38  | ID '(' . ')'

    ID     偏移，并进入状态 2
    NUM    偏移，并进入状态 3
    STR    偏移，并进入状态 4
    TRUE   偏移，并进入状态 6
    FALSE  偏移，并进入状态 7
    INC    偏移，并进入状态 8
    DEC    偏移，并进入状态 9
    INPUT  偏移，并进入状态 16
    '-'    偏移，并进入状态 17
    '*'    偏移，并进入状态 18
    '!'    偏移，并进入状态 19
    '&'    偏移，并进入状态 20
    '('    偏移，并进入状态 21
    ')'    偏移，并进入状态 70

    param_list  转到状态 71
    e           转到状态 72


状态 28

   64 e: ID '[' . e ']'

    ID     偏移，并进入状态 2
    NUM    偏移，并进入状态 3
    STR    偏移，并进入状态 4
    TRUE   偏移，并进入状态 6
    FALSE  偏移，并进入状态 7
    INC    偏移，并进入状态 8
    DEC    偏移，并进入状态 9
    INPUT  偏移，并进入状态 16
    '-'    偏移，并进入状态 17
    '*'    偏移，并进入状态 18
    '!'    偏移，并进入状态 19
    '&'    偏移，并进入状态 20
    '('    偏移，并进入状态 21

    e  转到状态 73


状态 29

    7 p: T ID . '(' dec_param_list ')' '{' s_list '}'
    8  | T ID . '(' ')' '{' s_list '}'
   28 Aid: ID . '[' NUM ']'
   32 Did: ID .
   33    | ID . '=' e

    '='  偏移，并进入状态 74
    '('  偏移，并进入状态 75
    '['  偏移，并进入状态 76

    $default  使用规则 32 以归约 (Did)


状态 30

   31 Did: '*' . Did

    ID   偏移，并进入状态 77
    '*'  偏移，并进入状态 30

    Did  转到状态 78


状态 31

   17 s: T Aid_list . ';'

    ';'  偏移，并进入状态 79


状态 32

   26 Aid_list: Aid . ',' Aid_list
   27         | Aid .

    ','  偏移，并进入状态 80

    $default  使用规则 27 以归约 (Aid_list)


状态 33

   16 s: T Did_list . ';'

    ';'  偏移，并进入状态 81


状态 34

   29 Did_list: Did . ',' Did_list
   30         | Did .

    ','  偏移，并进入状态 82

    $default  使用规则 30 以归约 (Did_list)


状态 35

   34 e: e . OR e
   35  | e . AND e
   40  | e . '<' e
   41  | e . '>' e
   42  | e . LE e
   43  | e . GE e
   44  | e . EQ e
   45  | e . NE e
   46  | e . '+' e
   47  | e . '-' e
   48  | e . '*' e
   49  | e . '/' e
   50  | e . '%' e
   51  | e . '^' e
   55  | e . '=' e
   60  | e . INC
   61  | e . DEC
   62  | INC e .

    INC  偏移，并进入状态 52
    DEC  偏移，并进入状态 53
    '^'  偏移，并进入状态 68

    $default  使用规则 62 以归约 (e)


状态 36

   34 e: e . OR e
   35  | e . AND e
   40  | e . '<' e
   41  | e . '>' e
   42  | e . LE e
   43  | e . GE e
   44  | e . EQ e
   45  | e . NE e
   46  | e . '+' e
   47  | e . '-' e
   48  | e . '*' e
   49  | e . '/' e
   50  | e . '%' e
   51  | e . '^' e
   55  | e . '=' e
   60  | e . INC
   61  | e . DEC
   63  | DEC e .

    INC  偏移，并进入状态 52
    DEC  偏移，并进入状态 53
    '^'  偏移，并进入状态 68

    $default  使用规则 63 以归约 (e)


状态 37

   11 s: IF '(' . e ')' '{' s_list '}'
   12  | IF '(' . e ')' '{' s_list '}' ELSE '{' s_list '}'

    ID     偏移，并进入状态 2
    NUM    偏移，并进入状态 3
    STR    偏移，并进入状态 4
    TRUE   偏移，并进入状态 6
    FALSE  偏移，并进入状态 7
    INC    偏移，并进入状态 8
    DEC    偏移，并进入状态 9
    INPUT  偏移，并进入状态 16
    '-'    偏移，并进入状态 17
    '*'    偏移，并进入状态 18
    '!'    偏移，并进入状态 19
    '&'    偏移，并进入状态 20
    '('    偏移，并进入状态 21

    e  转到状态 83


状态 38

   13 s: WHILE '(' . e ')' '{' s_list '}'

    ID     偏移，并进入状态 2
    NUM    偏移，并进入状态 3
    STR    偏移，并进入状态 4
    TRUE   偏移，并进入状态 6
    FALSE  偏移，并进入状态 7
    INC    偏移，并进入状态 8
    DEC    偏移，并进入状态 9
    INPUT  偏移，并进入状态 16
    '-'    偏移，并进入状态 17
    '*'    偏移，并进入状态 18
    '!'    偏移，并进入状态 19
    '&'    偏移，并进入状态 20
    '('    偏移，并进入状态 21

    e  转到状态 84


状态 39

   14 s: DO '{' . s_list '}' WHILE '(' e ')' ';'

    ID      偏移，并进入状态 2
    NUM     偏移，并进入状态 3
    STR     偏移，并进入状态 4
    T       偏移，并进入状态 85
    TRUE    偏移，并进入状态 6
    FALSE   偏移，并进入状态 7
    INC     偏移，并进入状态 8
    DEC     偏移，并进入状态 9
    IF      偏移，并进入状态 10
    WHILE   偏移，并进入状态 11
    DO      偏移，并进入状态 12
    FOR     偏移，并进入状态 13
    RETURN  偏移，并进入状态 14
    PRINT   偏移，并进入状态 15
    INPUT   偏移，并进入状态 16
    '-'     偏移，并进入状态 17
    '*'     偏移，并进入状态 18
    '!'     偏移，并进入状态 19
    '&'     偏移，并进入状态 20
    '('     偏移，并进入状态 21

    s_list  转到状态 86
    s       转到状态 87
    e       转到状态 26


状态 40

   15 s: FOR '(' . e ';' e ';' e ')' '{' s_list '}'

    ID     偏移，并进入状态 2
    NUM    偏移，并进入状态 3
    STR    偏移，并进入状态 4
    TRUE   偏移，并进入状态 6
    FALSE  偏移，并进入状态 7
    INC    偏移，并进入状态 8
    DEC    偏移，并进入状态 9
    INPUT  偏移，并进入状态 16
    '-'    偏移，并进入状态 17
    '*'    偏移，并进入状态 18
    '!'    偏移，并进入状态 19
    '&'    偏移，并进入状态 20
    '('    偏移，并进入状态 21

    e  转到状态 88


状态 41

   20 s: RETURN e . ';'
   34 e: e . OR e
   35  | e . AND e
   40  | e . '<' e
   41  | e . '>' e
   42  | e . LE e
   43  | e . GE e
   44  | e . EQ e
   45  | e . NE e
   46  | e . '+' e
   47  | e . '-' e
   48  | e . '*' e
   49  | e . '/' e
   50  | e . '%' e
   51  | e . '^' e
   55  | e . '=' e
   60  | e . INC
   61  | e . DEC

    INC  偏移，并进入状态 52
    DEC  偏移，并进入状态 53
    LE   偏移，并进入状态 54
    GE   偏移，并进入状态 55
    EQ   偏移，并进入状态 56
    NE   偏移，并进入状态 57
    AND  偏移，并进入状态 58
    OR   偏移，并进入状态 59
    '='  偏移，并进入状态 60
    '>'  偏移，并进入状态 61
    '<'  偏移，并进入状态 62
    '+'  偏移，并进入状态 63
    '-'  偏移，并进入状态 64
    '*'  偏移，并进入状态 65
    '/'  偏移，并进入状态 66
    '%'  偏移，并进入状态 67
    '^'  偏移，并进入状态 68
    ';'  偏移，并进入状态 89


状态 42

   18 s: PRINT '(' . e ')' ';'

    ID     偏移，并进入状态 2
    NUM    偏移，并进入状态 3
    STR    偏移，并进入状态 4
    TRUE   偏移，并进入状态 6
    FALSE  偏移，并进入状态 7
    INC    偏移，并进入状态 8
    DEC    偏移，并进入状态 9
    INPUT  偏移，并进入状态 16
    '-'    偏移，并进入状态 17
    '*'    偏移，并进入状态 18
    '!'    偏移，并进入状态 19
    '&'    偏移，并进入状态 20
    '('    偏移，并进入状态 21

    e  转到状态 90


状态 43

   56 e: INPUT '(' . ')'

    ')'  偏移，并进入状态 91


状态 44

   34 e: e . OR e
   35  | e . AND e
   40  | e . '<' e
   41  | e . '>' e
   42  | e . LE e
   43  | e . GE e
   44  | e . EQ e
   45  | e . NE e
   46  | e . '+' e
   47  | e . '-' e
   48  | e . '*' e
   49  | e . '/' e
   50  | e . '%' e
   51  | e . '^' e
   54  | '-' e .
   55  | e . '=' e
   60  | e . INC
   61  | e . DEC

    $default  使用规则 54 以归约 (e)


状态 45

   34 e: e . OR e
   35  | e . AND e
   40  | e . '<' e
   41  | e . '>' e
   42  | e . LE e
   43  | e . GE e
   44  | e . EQ e
   45  | e . NE e
   46  | e . '+' e
   47  | e . '-' e
   48  | e . '*' e
   49  | e . '/' e
   50  | e . '%' e
   51  | e . '^' e
   55  | e . '=' e
   60  | e . INC
   61  | e . DEC
   65  | '*' e .

    $default  使用规则 65 以归约 (e)


状态 46

   34 e: e . OR e
   35  | e . AND e
   36  | '!' e .
   40  | e . '<' e
   41  | e . '>' e
   42  | e . LE e
   43  | e . GE e
   44  | e . EQ e
   45  | e . NE e
   46  | e . '+' e
   47  | e . '-' e
   48  | e . '*' e
   49  | e . '/' e
   50  | e . '%' e
   51  | e . '^' e
   55  | e . '=' e
   60  | e . INC
   61  | e . DEC

    INC  偏移，并进入状态 52
    DEC  偏移，并进入状态 53
    '^'  偏移，并进入状态 68

    $default  使用规则 36 以归约 (e)


状态 47

   34 e: e . OR e
   35  | e . AND e
   40  | e . '<' e
   41  | e . '>' e
   42  | e . LE e
   43  | e . GE e
   44  | e . EQ e
   45  | e . NE e
   46  | e . '+' e
   47  | e . '-' e
   48  | e . '*' e
   49  | e . '/' e
   50  | e . '%' e
   51  | e . '^' e
   55  | e . '=' e
   60  | e . INC
   61  | e . DEC
   66  | '&' e .

    $default  使用规则 66 以归约 (e)


状态 48

   34 e: e . OR e
   35  | e . AND e
   39  | '(' e . ')'
   40  | e . '<' e
   41  | e . '>' e
   42  | e . LE e
   43  | e . GE e
   44  | e . EQ e
   45  | e . NE e
   46  | e . '+' e
   47  | e . '-' e
   48  | e . '*' e
   49  | e . '/' e
   50  | e . '%' e
   51  | e . '^' e
   55  | e . '=' e
   60  | e . INC
   61  | e . DEC

    INC  偏移，并进入状态 52
    DEC  偏移，并进入状态 53
    LE   偏移，并进入状态 54
    GE   偏移，并进入状态 55
    EQ   偏移，并进入状态 56
    NE   偏移，并进入状态 57
    AND  偏移，并进入状态 58
    OR   偏移，并进入状态 59
    '='  偏移，并进入状态 60
    '>'  偏移，并进入状态 61
    '<'  偏移，并进入状态 62
    '+'  偏移，并进入状态 63
    '-'  偏移，并进入状态 64
    '*'  偏移，并进入状态 65
    '/'  偏移，并进入状态 66
    '%'  偏移，并进入状态 67
    '^'  偏移，并进入状态 68
    ')'  偏移，并进入状态 92


状态 49

    0 $accept: all $end .

    $default  接受


状态 50

    3 p_list: p p_list .

    $default  使用规则 3 以归约 (p_list)


状态 51

    4 p_list: s p_list .

    $default  使用规则 4 以归约 (p_list)


状态 52

   60 e: e INC .

    $default  使用规则 60 以归约 (e)


状态 53

   61 e: e DEC .

    $default  使用规则 61 以归约 (e)


状态 54

   42 e: e LE . e

    ID     偏移，并进入状态 2
    NUM    偏移，并进入状态 3
    STR    偏移，并进入状态 4
    TRUE   偏移，并进入状态 6
    FALSE  偏移，并进入状态 7
    INC    偏移，并进入状态 8
    DEC    偏移，并进入状态 9
    INPUT  偏移，并进入状态 16
    '-'    偏移，并进入状态 17
    '*'    偏移，并进入状态 18
    '!'    偏移，并进入状态 19
    '&'    偏移，并进入状态 20
    '('    偏移，并进入状态 21

    e  转到状态 93


状态 55

   43 e: e GE . e

    ID     偏移，并进入状态 2
    NUM    偏移，并进入状态 3
    STR    偏移，并进入状态 4
    TRUE   偏移，并进入状态 6
    FALSE  偏移，并进入状态 7
    INC    偏移，并进入状态 8
    DEC    偏移，并进入状态 9
    INPUT  偏移，并进入状态 16
    '-'    偏移，并进入状态 17
    '*'    偏移，并进入状态 18
    '!'    偏移，并进入状态 19
    '&'    偏移，并进入状态 20
    '('    偏移，并进入状态 21

    e  转到状态 94


状态 56

   44 e: e EQ . e

    ID     偏移，并进入状态 2
    NUM    偏移，并进入状态 3
    STR    偏移，并进入状态 4
    TRUE   偏移，并进入状态 6
    FALSE  偏移，并进入状态 7
    INC    偏移，并进入状态 8
    DEC    偏移，并进入状态 9
    INPUT  偏移，并进入状态 16
    '-'    偏移，并进入状态 17
    '*'    偏移，并进入状态 18
    '!'    偏移，并进入状态 19
    '&'    偏移，并进入状态 20
    '('    偏移，并进入状态 21

    e  转到状态 95


状态 57

   45 e: e NE . e

    ID     偏移，并进入状态 2
    NUM    偏移，并进入状态 3
    STR    偏移，并进入状态 4
    TRUE   偏移，并进入状态 6
    FALSE  偏移，并进入状态 7
    INC    偏移，并进入状态 8
    DEC    偏移，并进入状态 9
    INPUT  偏移，并进入状态 16
    '-'    偏移，并进入状态 17
    '*'    偏移，并进入状态 18
    '!'    偏移，并进入状态 19
    '&'    偏移，并进入状态 20
    '('    偏移，并进入状态 21

    e  转到状态 96


状态 58

   35 e: e AND . e

    ID     偏移，并进入状态 2
    NUM    偏移，并进入状态 3
    STR    偏移，并进入状态 4
    TRUE   偏移，并进入状态 6
    FALSE  偏移，并进入状态 7
    INC    偏移，并进入状态 8
    DEC    偏移，并进入状态 9
    INPUT  偏移，并进入状态 16
    '-'    偏移，并进入状态 17
    '*'    偏移，并进入状态 18
    '!'    偏移，并进入状态 19
    '&'    偏移，并进入状态 20
    '('    偏移，并进入状态 21

    e  转到状态 97


状态 59

   34 e: e OR . e

    ID     偏移，并进入状态 2
    NUM    偏移，并进入状态 3
    STR    偏移，并进入状态 4
    TRUE   偏移，并进入状态 6
    FALSE  偏移，并进入状态 7
    INC    偏移，并进入状态 8
    DEC    偏移，并进入状态 9
    INPUT  偏移，并进入状态 16
    '-'    偏移，并进入状态 17
    '*'    偏移，并进入状态 18
    '!'    偏移，并进入状态 19
    '&'    偏移，并进入状态 20
    '('    偏移，并进入状态 21

    e  转到状态 98


状态 60

   55 e: e '=' . e

    ID     偏移，并进入状态 2
    NUM    偏移，并进入状态 3
    STR    偏移，并进入状态 4
    TRUE   偏移，并进入状态 6
    FALSE  偏移，并进入状态 7
    INC    偏移，并进入状态 8
    DEC    偏移，并进入状态 9
    INPUT  偏移，并进入状态 16
    '-'    偏移，并进入状态 17
    '*'    偏移，并进入状态 18
    '!'    偏移，并进入状态 19
    '&'    偏移，并进入状态 20
    '('    偏移，并进入状态 21

    e  转到状态 99


状态 61

   41 e: e '>' . e

    ID     偏移，并进入状态 2
    NUM    偏移，并进入状态 3
    STR    偏移，并进入状态 4
    TRUE   偏移，并进入状态 6
    FALSE  偏移，并进入状态 7
    INC    偏移，并进入状态 8
    DEC    偏移，并进入状态 9
    INPUT  偏移，并进入状态 16
    '-'    偏移，并进入状态 17
    '*'    偏移，并进入状态 18
    '!'    偏移，并进入状态 19
    '&'    偏移，并进入状态 20
    '('    偏移，并进入状态 21

    e  转到状态 100


状态 62

   40 e: e '<' . e

    ID     偏移，并进入状态 2
    NUM    偏移，并进入状态 3
    STR    偏移，并进入状态 4
    TRUE   偏移，并进入状态 6
    FALSE  偏移，并进入状态 7
    INC    偏移，并进入状态 8
    DEC    偏移，并进入状态 9
    INPUT  偏移，并进入状态 16
    '-'    偏移，并进入状态 17
    '*'    偏移，并进入状态 18
    '!'    偏移，并进入状态 19
    '&'    偏移，并进入状态 20
    '('    偏移，并进入状态 21

    e  转到状态 101


状态 63

   46 e: e '+' . e

    ID     偏移，并进入状态 2
    NUM    偏移，并进入状态 3
    STR    偏移，并进入状态 4
    TRUE   偏移，并进入状态 6
    FALSE  偏移，并进入状态 7
    INC    偏移，并进入状态 8
    DEC    偏移，并进入状态 9
    INPUT  偏移，并进入状态 16
    '-'    偏移，并进入状态 17
    '*'    偏移，并进入状态 18
    '!'    偏移，并进入状态 19
    '&'    偏移，并进入状态 20
    '('    偏移，并进入状态 21

    e  转到状态 102


状态 64

   47 e: e '-' . e

    ID     偏移，并进入状态 2
    NUM    偏移，并进入状态 3
    STR    偏移，并进入状态 4
    TRUE   偏移，并进入状态 6
    FALSE  偏移，并进入状态 7
    INC    偏移，并进入状态 8
    DEC    偏移，并进入状态 9
    INPUT  偏移，并进入状态 16
    '-'    偏移，并进入状态 17
    '*'    偏移，并进入状态 18
    '!'    偏移，并进入状态 19
    '&'    偏移，并进入状态 20
    '('    偏移，并进入状态 21

    e  转到状态 103


状态 65

   48 e: e '*' . e

    ID     偏移，并进入状态 2
    NUM    偏移，并进入状态 3
    STR    偏移，并进入状态 4
    TRUE   偏移，并进入状态 6
    FALSE  偏移，并进入状态 7
    INC    偏移，并进入状态 8
    DEC    偏移，并进入状态 9
    INPUT  偏移，并进入状态 16
    '-'    偏移，并进入状态 17
    '*'    偏移，并进入状态 18
    '!'    偏移，并进入状态 19
    '&'    偏移，并进入状态 20
    '('    偏移，并进入状态 21

    e  转到状态 104


状态 66

   49 e: e '/' . e

    ID     偏移，并进入状态 2
    NUM    偏移，并进入状态 3
    STR    偏移，并进入状态 4
    TRUE   偏移，并进入状态 6
    FALSE  偏移，并进入状态 7
    INC    偏移，并进入状态 8
    DEC    偏移，并进入状态 9
    INPUT  偏移，并进入状态 16
    '-'    偏移，并进入状态 17
    '*'    偏移，并进入状态 18
    '!'    偏移，并进入状态 19
    '&'    偏移，并进入状态 20
    '('    偏移，并进入状态 21

    e  转到状态 105


状态 67

   50 e: e '%' . e

    ID     偏移，并进入状态 2
    NUM    偏移，并进入状态 3
    STR    偏移，并进入状态 4
    TRUE   偏移，并进入状态 6
    FALSE  偏移，并进入状态 7
    INC    偏移，并进入状态 8
    DEC    偏移，并进入状态 9
    INPUT  偏移，并进入状态 16
    '-'    偏移，并进入状态 17
    '*'    偏移，并进入状态 18
    '!'    偏移，并进入状态 19
    '&'    偏移，并进入状态 20
    '('    偏移，并进入状态 21

    e  转到状态 106


状态 68

   51 e: e '^' . e

    ID     偏移，并进入状态 2
    NUM    偏移，并进入状态 3
    STR    偏移，并进入状态 4
    TRUE   偏移，并进入状态 6
    FALSE  偏移，并进入状态 7
    INC    偏移，并进入状态 8
    DEC    偏移，并进入状态 9
    INPUT  偏移，并进入状态 16
    '-'    偏移，并进入状态 17
    '*'    偏移，并进入状态 18
    '!'    偏移，并进入状态 19
    '&'    偏移，并进入状态 20
    '('    偏移，并进入状态 21

    e  转到状态 107


状态 69

   19 s: e ';' .

    $default  使用规则 19 以归约 (s)


状态 70

   38 e: ID '(' ')' .

    $default  使用规则 38 以归约 (e)


状态 71

   37 e: ID '(' param_list . ')'

    ')'  偏移，并进入状态 108


状态 72

   24 param_list: e . ',' param_list
   25           | e .
   34 e: e . OR e
   35  | e . AND e
   40  | e . '<' e
   41  | e . '>' e
   42  | e . LE e
   43  | e . GE e
   44  | e . EQ e
   45  | e . NE e
   46  | e . '+' e
   47  | e . '-' e
   48  | e . '*' e
   49  | e . '/' e
   50  | e . '%' e
   51  | e . '^' e
   55  | e . '=' e
   60  | e . INC
   61  | e . DEC

    INC  偏移，并进入状态 52
    DEC  偏移，并进入状态 53
    LE   偏移，并进入状态 54
    GE   偏移，并进入状态 55
    EQ   偏移，并进入状态 56
    NE   偏移，并进入状态 57
    AND  偏移，并进入状态 58
    OR   偏移，并进入状态 59
    '='  偏移，并进入状态 60
    '>'  偏移，并进入状态 61
    '<'  偏移，并进入状态 62
    '+'  偏移，并进入状态 63
    '-'  偏移，并进入状态 64
    '*'  偏移，并进入状态 65
    '/'  偏移，并进入状态 66
    '%'  偏移，并进入状态 67
    '^'  偏移，并进入状态 68
    ','  偏移，并进入状态 109

    $default  使用规则 25 以归约 (param_list)


状态 73

   34 e: e . OR e
   35  | e . AND e
   40  | e . '<' e
   41  | e . '>' e
   42  | e . LE e
   43  | e . GE e
   44  | e . EQ e
   45  | e . NE e
   46  | e . '+' e
   47  | e . '-' e
   48  | e . '*' e
   49  | e . '/' e
   50  | e . '%' e
   51  | e . '^' e
   55  | e . '=' e
   60  | e . INC
   61  | e . DEC
   64  | ID '[' e . ']'

    INC  偏移，并进入状态 52
    DEC  偏移，并进入状态 53
    LE   偏移，并进入状态 54
    GE   偏移，并进入状态 55
    EQ   偏移，并进入状态 56
    NE   偏移，并进入状态 57
    AND  偏移，并进入状态 58
    OR   偏移，并进入状态 59
    '='  偏移，并进入状态 60
    '>'  偏移，并进入状态 61
    '<'  偏移，并进入状态 62
    '+'  偏移，并进入状态 63
    '-'  偏移，并进入状态 64
    '*'  偏移，并进入状态 65
    '/'  偏移，并进入状态 66
    '%'  偏移，并进入状态 67
    '^'  偏移，并进入状态 68
    ']'  偏移，并进入状态 110


状态 74

   33 Did: ID '=' . e

    ID     偏移，并进入状态 2
    NUM    偏移，并进入状态 3
    STR    偏移，并进入状态 4
    TRUE   偏移，并进入状态 6
    FALSE  偏移，并进入状态 7
    INC    偏移，并进入状态 8
    DEC    偏移，并进入状态 9
    INPUT  偏移，并进入状态 16
    '-'    偏移，并进入状态 17
    '*'    偏移，并进入状态 18
    '!'    偏移，并进入状态 19
    '&'    偏移，并进入状态 20
    '('    偏移，并进入状态 21

    e  转到状态 111


状态 75

    7 p: T ID '(' . dec_param_list ')' '{' s_list '}'
    8  | T ID '(' . ')' '{' s_list '}'

    T    偏移，并进入状态 112
    ')'  偏移，并进入状态 113

    dec_param_list  转到状态 114
    dec_param       转到状态 115


状态 76

   28 Aid: ID '[' . NUM ']'

    NUM  偏移，并进入状态 116


状态 77

   32 Did: ID .
   33    | ID . '=' e

    '='  偏移，并进入状态 74

    $default  使用规则 32 以归约 (Did)


状态 78

   31 Did: '*' Did .

    $default  使用规则 31 以归约 (Did)


状态 79

   17 s: T Aid_list ';' .

    $default  使用规则 17 以归约 (s)


状态 80

   26 Aid_list: Aid ',' . Aid_list

    ID  偏移，并进入状态 117

    Aid_list  转到状态 118
    Aid       转到状态 32


状态 81

   16 s: T Did_list ';' .

    $default  使用规则 16 以归约 (s)


状态 82

   29 Did_list: Did ',' . Did_list

    ID   偏移，并进入状态 77
    '*'  偏移，并进入状态 30

    Did_list  转到状态 119
    Did       转到状态 34


状态 83

   11 s: IF '(' e . ')' '{' s_list '}'
   12  | IF '(' e . ')' '{' s_list '}' ELSE '{' s_list '}'
   34 e: e . OR e
   35  | e . AND e
   40  | e . '<' e
   41  | e . '>' e
   42  | e . LE e
   43  | e . GE e
   44  | e . EQ e
   45  | e . NE e
   46  | e . '+' e
   47  | e . '-' e
   48  | e . '*' e
   49  | e . '/' e
   50  | e . '%' e
   51  | e . '^' e
   55  | e . '=' e
   60  | e . INC
   61  | e . DEC

    INC  偏移，并进入状态 52
    DEC  偏移，并进入状态 53
    LE   偏移，并进入状态 54
    GE   偏移，并进入状态 55
    EQ   偏移，并进入状态 56
    NE   偏移，并进入状态 57
    AND  偏移，并进入状态 58
    OR   偏移，并进入状态 59
    '='  偏移，并进入状态 60
    '>'  偏移，并进入状态 61
    '<'  偏移，并进入状态 62
    '+'  偏移，并进入状态 63
    '-'  偏移，并进入状态 64
    '*'  偏移，并进入状态 65
    '/'  偏移，并进入状态 66
    '%'  偏移，并进入状态 67
    '^'  偏移，并进入状态 68
    ')'  偏移，并进入状态 120


状态 84

   13 s: WHILE '(' e . ')' '{' s_list '}'
   34 e: e . OR e
   35  | e . AND e
   40  | e . '<' e
   41  | e . '>' e
   42  | e . LE e
   43  | e . GE e
   44  | e . EQ e
   45  | e . NE e
   46  | e . '+' e
   47  | e . '-' e
   48  | e . '*' e
   49  | e . '/' e
   50  | e . '%' e
   51  | e . '^' e
   55  | e . '=' e
   60  | e . INC
   61  | e . DEC

    INC  偏移，并进入状态 52
    DEC  偏移，并进入状态 53
    LE   偏移，并进入状态 54
    GE   偏移，并进入状态 55
    EQ   偏移，并进入状态 56
    NE   偏移，并进入状态 57
    AND  偏移，并进入状态 58
    OR   偏移，并进入状态 59
    '='  偏移，并进入状态 60
    '>'  偏移，并进入状态 61
    '<'  偏移，并进入状态 62
    '+'  偏移，并进入状态 63
    '-'  偏移，并进入状态 64
    '*'  偏移，并进入状态 65
    '/'  偏移，并进入状态 66
    '%'  偏移，并进入状态 67
    '^'  偏移，并进入状态 68
    ')'  偏移，并进入状态 121


状态 85

   16 s: T . Did_list ';'
   17  | T . Aid_list ';'

    ID   偏移，并进入状态 122
    '*'  偏移，并进入状态 30

    Aid_list  转到状态 31
    Aid       转到状态 32
    Did_list  转到状态 33
    Did       转到状态 34


状态 86

   14 s: DO '{' s_list . '}' WHILE '(' e ')' ';'

    '}'  偏移，并进入状态 123


状态 87

    9 s_list: s . s_list
   10       | s .

    ID      偏移，并进入状态 2
    NUM     偏移，并进入状态 3
    STR     偏移，并进入状态 4
    T       偏移，并进入状态 85
    TRUE    偏移，并进入状态 6
    FALSE   偏移，并进入状态 7
    INC     偏移，并进入状态 8
    DEC     偏移，并进入状态 9
    IF      偏移，并进入状态 10
    WHILE   偏移，并进入状态 11
    DO      偏移，并进入状态 12
    FOR     偏移，并进入状态 13
    RETURN  偏移，并进入状态 14
    PRINT   偏移，并进入状态 15
    INPUT   偏移，并进入状态 16
    '-'     偏移，并进入状态 17
    '*'     偏移，并进入状态 18
    '!'     偏移，并进入状态 19
    '&'     偏移，并进入状态 20
    '('     偏移，并进入状态 21

    $default  使用规则 10 以归约 (s_list)

    s_list  转到状态 124
    s       转到状态 87
    e       转到状态 26


状态 88

   15 s: FOR '(' e . ';' e ';' e ')' '{' s_list '}'
   34 e: e . OR e
   35  | e . AND e
   40  | e . '<' e
   41  | e . '>' e
   42  | e . LE e
   43  | e . GE e
   44  | e . EQ e
   45  | e . NE e
   46  | e . '+' e
   47  | e . '-' e
   48  | e . '*' e
   49  | e . '/' e
   50  | e . '%' e
   51  | e . '^' e
   55  | e . '=' e
   60  | e . INC
   61  | e . DEC

    INC  偏移，并进入状态 52
    DEC  偏移，并进入状态 53
    LE   偏移，并进入状态 54
    GE   偏移，并进入状态 55
    EQ   偏移，并进入状态 56
    NE   偏移，并进入状态 57
    AND  偏移，并进入状态 58
    OR   偏移，并进入状态 59
    '='  偏移，并进入状态 60
    '>'  偏移，并进入状态 61
    '<'  偏移，并进入状态 62
    '+'  偏移，并进入状态 63
    '-'  偏移，并进入状态 64
    '*'  偏移，并进入状态 65
    '/'  偏移，并进入状态 66
    '%'  偏移，并进入状态 67
    '^'  偏移，并进入状态 68
    ';'  偏移，并进入状态 125


状态 89

   20 s: RETURN e ';' .

    $default  使用规则 20 以归约 (s)


状态 90

   18 s: PRINT '(' e . ')' ';'
   34 e: e . OR e
   35  | e . AND e
   40  | e . '<' e
   41  | e . '>' e
   42  | e . LE e
   43  | e . GE e
   44  | e . EQ e
   45  | e . NE e
   46  | e . '+' e
   47  | e . '-' e
   48  | e . '*' e
   49  | e . '/' e
   50  | e . '%' e
   51  | e . '^' e
   55  | e . '=' e
   60  | e . INC
   61  | e . DEC

    INC  偏移，并进入状态 52
    DEC  偏移，并进入状态 53
    LE   偏移，并进入状态 54
    GE   偏移，并进入状态 55
    EQ   偏移，并进入状态 56
    NE   偏移，并进入状态 57
    AND  偏移，并进入状态 58
    OR   偏移，并进入状态 59
    '='  偏移，并进入状态 60
    '>'  偏移，并进入状态 61
    '<'  偏移，并进入状态 62
    '+'  偏移，并进入状态 63
    '-'  偏移，并进入状态 64
    '*'  偏移，并进入状态 65
    '/'  偏移，并进入状态 66
    '%'  偏移，并进入状态 67
    '^'  偏移，并进入状态 68
    ')'  偏移，并进入状态 126


状态 91

   56 e: INPUT '(' ')' .

    $default  使用规则 56 以归约 (e)


状态 92

   39 e: '(' e ')' .

    $default  使用规则 39 以归约 (e)


状态 93

   34 e: e . OR e
   35  | e . AND e
   40  | e . '<' e
   41  | e . '>' e
   42  | e . LE e
   42  | e LE e .
   43  | e . GE e
   44  | e . EQ e
   45  | e . NE e
   46  | e . '+' e
   47  | e . '-' e
   48  | e . '*' e
   49  | e . '/' e
   50  | e . '%' e
   51  | e . '^' e
   55  | e . '=' e
   60  | e . INC
   61  | e . DEC

    INC  偏移，并进入状态 52
    DEC  偏移，并进入状态 53
    '+'  偏移，并进入状态 63
    '-'  偏移，并进入状态 64
    '*'  偏移，并进入状态 65
    '/'  偏移，并进入状态 66
    '%'  偏移，并进入状态 67
    '^'  偏移，并进入状态 68

    $default  使用规则 42 以归约 (e)


状态 94

   34 e: e . OR e
   35  | e . AND e
   40  | e . '<' e
   41  | e . '>' e
   42  | e . LE e
   43  | e . GE e
   43  | e GE e .
   44  | e . EQ e
   45  | e . NE e
   46  | e . '+' e
   47  | e . '-' e
   48  | e . '*' e
   49  | e . '/' e
   50  | e . '%' e
   51  | e . '^' e
   55  | e . '=' e
   60  | e . INC
   61  | e . DEC

    INC  偏移，并进入状态 52
    DEC  偏移，并进入状态 53
    '+'  偏移，并进入状态 63
    '-'  偏移，并进入状态 64
    '*'  偏移，并进入状态 65
    '/'  偏移，并进入状态 66
    '%'  偏移，并进入状态 67
    '^'  偏移，并进入状态 68

    $default  使用规则 43 以归约 (e)


状态 95

   34 e: e . OR e
   35  | e . AND e
   40  | e . '<' e
   41  | e . '>' e
   42  | e . LE e
   43  | e . GE e
   44  | e . EQ e
   44  | e EQ e .
   45  | e . NE e
   46  | e . '+' e
   47  | e . '-' e
   48  | e . '*' e
   49  | e . '/' e
   50  | e . '%' e
   51  | e . '^' e
   55  | e . '=' e
   60  | e . INC
   61  | e . DEC

    INC  偏移，并进入状态 52
    DEC  偏移，并进入状态 53
    LE   偏移，并进入状态 54
    GE   偏移，并进入状态 55
    '>'  偏移，并进入状态 61
    '<'  偏移，并进入状态 62
    '+'  偏移，并进入状态 63
    '-'  偏移，并进入状态 64
    '*'  偏移，并进入状态 65
    '/'  偏移，并进入状态 66
    '%'  偏移，并进入状态 67
    '^'  偏移，并进入状态 68

    $default  使用规则 44 以归约 (e)


状态 96

   34 e: e . OR e
   35  | e . AND e
   40  | e . '<' e
   41  | e . '>' e
   42  | e . LE e
   43  | e . GE e
   44  | e . EQ e
   45  | e . NE e
   45  | e NE e .
   46  | e . '+' e
   47  | e . '-' e
   48  | e . '*' e
   49  | e . '/' e
   50  | e . '%' e
   51  | e . '^' e
   55  | e . '=' e
   60  | e . INC
   61  | e . DEC

    INC  偏移，并进入状态 52
    DEC  偏移，并进入状态 53
    LE   偏移，并进入状态 54
    GE   偏移，并进入状态 55
    '>'  偏移，并进入状态 61
    '<'  偏移，并进入状态 62
    '+'  偏移，并进入状态 63
    '-'  偏移，并进入状态 64
    '*'  偏移，并进入状态 65
    '/'  偏移，并进入状态 66
    '%'  偏移，并进入状态 67
    '^'  偏移，并进入状态 68

    $default  使用规则 45 以归约 (e)


状态 97

   34 e: e . OR e
   35  | e . AND e
   35  | e AND e .
   40  | e . '<' e
   41  | e . '>' e
   42  | e . LE e
   43  | e . GE e
   44  | e . EQ e
   45  | e . NE e
   46  | e . '+' e
   47  | e . '-' e
   48  | e . '*' e
   49  | e . '/' e
   50  | e . '%' e
   51  | e . '^' e
   55  | e . '=' e
   60  | e . INC
   61  | e . DEC

    INC  偏移，并进入状态 52
    DEC  偏移，并进入状态 53
    LE   偏移，并进入状态 54
    GE   偏移，并进入状态 55
    EQ   偏移，并进入状态 56
    NE   偏移，并进入状态 57
    '>'  偏移，并进入状态 61
    '<'  偏移，并进入状态 62
    '+'  偏移，并进入状态 63
    '-'  偏移，并进入状态 64
    '*'  偏移，并进入状态 65
    '/'  偏移，并进入状态 66
    '%'  偏移，并进入状态 67
    '^'  偏移，并进入状态 68

    $default  使用规则 35 以归约 (e)


状态 98

   34 e: e . OR e
   34  | e OR e .
   35  | e . AND e
   40  | e . '<' e
   41  | e . '>' e
   42  | e . LE e
   43  | e . GE e
   44  | e . EQ e
   45  | e . NE e
   46  | e . '+' e
   47  | e . '-' e
   48  | e . '*' e
   49  | e . '/' e
   50  | e . '%' e
   51  | e . '^' e
   55  | e . '=' e
   60  | e . INC
   61  | e . DEC

    INC  偏移，并进入状态 52
    DEC  偏移，并进入状态 53
    LE   偏移，并进入状态 54
    GE   偏移，并进入状态 55
    EQ   偏移，并进入状态 56
    NE   偏移，并进入状态 57
    AND  偏移，并进入状态 58
    '>'  偏移，并进入状态 61
    '<'  偏移，并进入状态 62
    '+'  偏移，并进入状态 63
    '-'  偏移，并进入状态 64
    '*'  偏移，并进入状态 65
    '/'  偏移，并进入状态 66
    '%'  偏移，并进入状态 67
    '^'  偏移，并进入状态 68

    $default  使用规则 34 以归约 (e)


状态 99

   34 e: e . OR e
   35  | e . AND e
   40  | e . '<' e
   41  | e . '>' e
   42  | e . LE e
   43  | e . GE e
   44  | e . EQ e
   45  | e . NE e
   46  | e . '+' e
   47  | e . '-' e
   48  | e . '*' e
   49  | e . '/' e
   50  | e . '%' e
   51  | e . '^' e
   55  | e . '=' e
   55  | e '=' e .
   60  | e . INC
   61  | e . DEC

    INC  偏移，并进入状态 52
    DEC  偏移，并进入状态 53
    LE   偏移，并进入状态 54
    GE   偏移，并进入状态 55
    EQ   偏移，并进入状态 56
    NE   偏移，并进入状态 57
    AND  偏移，并进入状态 58
    OR   偏移，并进入状态 59
    '='  偏移，并进入状态 60
    '>'  偏移，并进入状态 61
    '<'  偏移，并进入状态 62
    '+'  偏移，并进入状态 63
    '-'  偏移，并进入状态 64
    '*'  偏移，并进入状态 65
    '/'  偏移，并进入状态 66
    '%'  偏移，并进入状态 67
    '^'  偏移，并进入状态 68

    $default  使用规则 55 以归约 (e)


状态 100

   34 e: e . OR e
   35  | e . AND e
   40  | e . '<' e
   41  | e . '>' e
   41  | e '>' e .
   42  | e . LE e
   43  | e . GE e
   44  | e . EQ e
   45  | e . NE e
   46  | e . '+' e
   47  | e . '-' e
   48  | e . '*' e
   49  | e . '/' e
   50  | e . '%' e
   51  | e . '^' e
   55  | e . '=' e
   60  | e . INC
   61  | e . DEC

    INC  偏移，并进入状态 52
    DEC  偏移，并进入状态 53
    '+'  偏移，并进入状态 63
    '-'  偏移，并进入状态 64
    '*'  偏移，并进入状态 65
    '/'  偏移，并进入状态 66
    '%'  偏移，并进入状态 67
    '^'  偏移，并进入状态 68

    $default  使用规则 41 以归约 (e)


状态 101

   34 e: e . OR e
   35  | e . AND e
   40  | e . '<' e
   40  | e '<' e .
   41  | e . '>' e
   42  | e . LE e
   43  | e . GE e
   44  | e . EQ e
   45  | e . NE e
   46  | e . '+' e
   47  | e . '-' e
   48  | e . '*' e
   49  | e . '/' e
   50  | e . '%' e
   51  | e . '^' e
   55  | e . '=' e
   60  | e . INC
   61  | e . DEC

    INC  偏移，并进入状态 52
    DEC  偏移，并进入状态 53
    '+'  偏移，并进入状态 63
    '-'  偏移，并进入状态 64
    '*'  偏移，并进入状态 65
    '/'  偏移，并进入状态 66
    '%'  偏移，并进入状态 67
    '^'  偏移，并进入状态 68

    $default  使用规则 40 以归约 (e)


状态 102

   34 e: e . OR e
   35  | e . AND e
   40  | e . '<' e
   41  | e . '>' e
   42  | e . LE e
   43  | e . GE e
   44  | e . EQ e
   45  | e . NE e
   46  | e . '+' e
   46  | e '+' e .
   47  | e . '-' e
   48  | e . '*' e
   49  | e . '/' e
   50  | e . '%' e
   51  | e . '^' e
   55  | e . '=' e
   60  | e . INC
   61  | e . DEC

    INC  偏移，并进入状态 52
    DEC  偏移，并进入状态 53
    '*'  偏移，并进入状态 65
    '/'  偏移，并进入状态 66
    '%'  偏移，并进入状态 67
    '^'  偏移，并进入状态 68

    $default  使用规则 46 以归约 (e)


状态 103

   34 e: e . OR e
   35  | e . AND e
   40  | e . '<' e
   41  | e . '>' e
   42  | e . LE e
   43  | e . GE e
   44  | e . EQ e
   45  | e . NE e
   46  | e . '+' e
   47  | e . '-' e
   47  | e '-' e .
   48  | e . '*' e
   49  | e . '/' e
   50  | e . '%' e
   51  | e . '^' e
   55  | e . '=' e
   60  | e . INC
   61  | e . DEC

    INC  偏移，并进入状态 52
    DEC  偏移，并进入状态 53
    '*'  偏移，并进入状态 65
    '/'  偏移，并进入状态 66
    '%'  偏移，并进入状态 67
    '^'  偏移，并进入状态 68

    $default  使用规则 47 以归约 (e)


状态 104

   34 e: e . OR e
   35  | e . AND e
   40  | e . '<' e
   41  | e . '>' e
   42  | e . LE e
   43  | e . GE e
   44  | e . EQ e
   45  | e . NE e
   46  | e . '+' e
   47  | e . '-' e
   48  | e . '*' e
   48  | e '*' e .
   49  | e . '/' e
   50  | e . '%' e
   51  | e . '^' e
   55  | e . '=' e
   60  | e . INC
   61  | e . DEC

    INC  偏移，并进入状态 52
    DEC  偏移，并进入状态 53
    '^'  偏移，并进入状态 68

    $default  使用规则 48 以归约 (e)


状态 105

   34 e: e . OR e
   35  | e . AND e
   40  | e . '<' e
   41  | e . '>' e
   42  | e . LE e
   43  | e . GE e
   44  | e . EQ e
   45  | e . NE e
   46  | e . '+' e
   47  | e . '-' e
   48  | e . '*' e
   49  | e . '/' e
   49  | e '/' e .
   50  | e . '%' e
   51  | e . '^' e
   55  | e . '=' e
   60  | e . INC
   61  | e . DEC

    INC  偏移，并进入状态 52
    DEC  偏移，并进入状态 53
    '^'  偏移，并进入状态 68

    $default  使用规则 49 以归约 (e)


状态 106

   34 e: e . OR e
   35  | e . AND e
   40  | e . '<' e
   41  | e . '>' e
   42  | e . LE e
   43  | e . GE e
   44  | e . EQ e
   45  | e . NE e
   46  | e . '+' e
   47  | e . '-' e
   48  | e . '*' e
   49  | e . '/' e
   50  | e . '%' e
   50  | e '%' e .
   51  | e . '^' e
   55  | e . '=' e
   60  | e . INC
   61  | e . DEC

    INC  偏移，并进入状态 52
    DEC  偏移，并进入状态 53
    '^'  偏移，并进入状态 68

    $default  使用规则 50 以归约 (e)


状态 107

   34 e: e . OR e
   35  | e . AND e
   40  | e . '<' e
   41  | e . '>' e
   42  | e . LE e
   43  | e . GE e
   44  | e . EQ e
   45  | e . NE e
   46  | e . '+' e
   47  | e . '-' e
   48  | e . '*' e
   49  | e . '/' e
   50  | e . '%' e
   51  | e . '^' e
   51  | e '^' e .
   55  | e . '=' e
   60  | e . INC
   61  | e . DEC

    $default  使用规则 51 以归约 (e)


状态 108

   37 e: ID '(' param_list ')' .

    $default  使用规则 37 以归约 (e)


状态 109

   24 param_list: e ',' . param_list

    ID     偏移，并进入状态 2
    NUM    偏移，并进入状态 3
    STR    偏移，并进入状态 4
    TRUE   偏移，并进入状态 6
    FALSE  偏移，并进入状态 7
    INC    偏移，并进入状态 8
    DEC    偏移，并进入状态 9
    INPUT  偏移，并进入状态 16
    '-'    偏移，并进入状态 17
    '*'    偏移，并进入状态 18
    '!'    偏移，并进入状态 19
    '&'    偏移，并进入状态 20
    '('    偏移，并进入状态 21

    param_list  转到状态 127
    e           转到状态 72


状态 110

   64 e: ID '[' e ']' .

    $default  使用规则 64 以归约 (e)


状态 111

   33 Did: ID '=' e .
   34 e: e . OR e
   35  | e . AND e
   40  | e . '<' e
   41  | e . '>' e
   42  | e . LE e
   43  | e . GE e
   44  | e . EQ e
   45  | e . NE e
   46  | e . '+' e
   47  | e . '-' e
   48  | e . '*' e
   49  | e . '/' e
   50  | e . '%' e
   51  | e . '^' e
   55  | e . '=' e
   60  | e . INC
   61  | e . DEC

    INC  偏移，并进入状态 52
    DEC  偏移，并进入状态 53
    LE   偏移，并进入状态 54
    GE   偏移，并进入状态 55
    EQ   偏移，并进入状态 56
    NE   偏移，并进入状态 57
    AND  偏移，并进入状态 58
    OR   偏移，并进入状态 59
    '='  偏移，并进入状态 60
    '>'  偏移，并进入状态 61
    '<'  偏移，并进入状态 62
    '+'  偏移，并进入状态 63
    '-'  偏移，并进入状态 64
    '*'  偏移，并进入状态 65
    '/'  偏移，并进入状态 66
    '%'  偏移，并进入状态 67
    '^'  偏移，并进入状态 68

    $default  使用规则 33 以归约 (Did)


状态 112

   23 dec_param: T . ID

    ID  偏移，并进入状态 128


状态 113

    8 p: T ID '(' ')' . '{' s_list '}'

    '{'  偏移，并进入状态 129


状态 114

    7 p: T ID '(' dec_param_list . ')' '{' s_list '}'

    ')'  偏移，并进入状态 130


状态 115

   21 dec_param_list: dec_param . ',' dec_param_list
   22               | dec_param .

    ','  偏移，并进入状态 131

    $default  使用规则 22 以归约 (dec_param_list)


状态 116

   28 Aid: ID '[' NUM . ']'

    ']'  偏移，并进入状态 132


状态 117

   28 Aid: ID . '[' NUM ']'

    '['  偏移，并进入状态 76


状态 118

   26 Aid_list: Aid ',' Aid_list .

    $default  使用规则 26 以归约 (Aid_list)


状态 119

   29 Did_list: Did ',' Did_list .

    $default  使用规则 29 以归约 (Did_list)


状态 120

   11 s: IF '(' e ')' . '{' s_list '}'
   12  | IF '(' e ')' . '{' s_list '}' ELSE '{' s_list '}'

    '{'  偏移，并进入状态 133


状态 121

   13 s: WHILE '(' e ')' . '{' s_list '}'

    '{'  偏移，并进入状态 134


状态 122

   28 Aid: ID . '[' NUM ']'
   32 Did: ID .
   33    | ID . '=' e

    '='  偏移，并进入状态 74
    '['  偏移，并进入状态 76

    $default  使用规则 32 以归约 (Did)


状态 123

   14 s: DO '{' s_list '}' . WHILE '(' e ')' ';'

    WHILE  偏移，并进入状态 135


状态 124

    9 s_list: s s_list .

    $default  使用规则 9 以归约 (s_list)


状态 125

   15 s: FOR '(' e ';' . e ';' e ')' '{' s_list '}'

    ID     偏移，并进入状态 2
    NUM    偏移，并进入状态 3
    STR    偏移，并进入状态 4
    TRUE   偏移，并进入状态 6
    FALSE  偏移，并进入状态 7
    INC    偏移，并进入状态 8
    DEC    偏移，并进入状态 9
    INPUT  偏移，并进入状态 16
    '-'    偏移，并进入状态 17
    '*'    偏移，并进入状态 18
    '!'    偏移，并进入状态 19
    '&'    偏移，并进入状态 20
    '('    偏移，并进入状态 21

    e  转到状态 136


状态 126

   18 s: PRINT '(' e ')' . ';'

    ';'  偏移，并进入状态 137


状态 127

   24 param_list: e ',' param_list .

    $default  使用规则 24 以归约 (param_list)


状态 128

   23 dec_param: T ID .

    $default  使用规则 23 以归约 (dec_param)


状态 129

    8 p: T ID '(' ')' '{' . s_list '}'

    ID      偏移，并进入状态 2
    NUM     偏移，并进入状态 3
    STR     偏移，并进入状态 4
    T       偏移，并进入状态 85
    TRUE    偏移，并进入状态 6
    FALSE   偏移，并进入状态 7
    INC     偏移，并进入状态 8
    DEC     偏移，并进入状态 9
    IF      偏移，并进入状态 10
    WHILE   偏移，并进入状态 11
    DO      偏移，并进入状态 12
    FOR     偏移，并进入状态 13
    RETURN  偏移，并进入状态 14
    PRINT   偏移，并进入状态 15
    INPUT   偏移，并进入状态 16
    '-'     偏移，并进入状态 17
    '*'     偏移，并进入状态 18
    '!'     偏移，并进入状态 19
    '&'     偏移，并进入状态 20
    '('     偏移，并进入状态 21

    s_list  转到状态 138
    s       转到状态 87
    e       转到状态 26


状态 130

    7 p: T ID '(' dec_param_list ')' . '{' s_list '}'

    '{'  偏移，并进入状态 139


状态 131

   21 dec_param_list: dec_param ',' . dec_param_list

    T  偏移，并进入状态 112

    dec_param_list  转到状态 140
    dec_param       转到状态 115


状态 132

   28 Aid: ID '[' NUM ']' .

    $default  使用规则 28 以归约 (Aid)


状态 133

   11 s: IF '(' e ')' '{' . s_list '}'
   12  | IF '(' e ')' '{' . s_list '}' ELSE '{' s_list '}'

    ID      偏移，并进入状态 2
    NUM     偏移，并进入状态 3
    STR     偏移，并进入状态 4
    T       偏移，并进入状态 85
    TRUE    偏移，并进入状态 6
    FALSE   偏移，并进入状态 7
    INC     偏移，并进入状态 8
    DEC     偏移，并进入状态 9
    IF      偏移，并进入状态 10
    WHILE   偏移，并进入状态 11
    DO      偏移，并进入状态 12
    FOR     偏移，并进入状态 13
    RETURN  偏移，并进入状态 14
    PRINT   偏移，并进入状态 15
    INPUT   偏移，并进入状态 16
    '-'     偏移，并进入状态 17
    '*'     偏移，并进入状态 18
    '!'     偏移，并进入状态 19
    '&'     偏移，并进入状态 20
    '('     偏移，并进入状态 21

    s_list  转到状态 141
    s       转到状态 87
    e       转到状态 26


状态 134

   13 s: WHILE '(' e ')' '{' . s_list '}'

    ID      偏移，并进入状态 2
    NUM     偏移，并进入状态 3
    STR     偏移，并进入状态 4
    T       偏移，并进入状态 85
    TRUE    偏移，并进入状态 6
    FALSE   偏移，并进入状态 7
    INC     偏移，并进入状态 8
    DEC     偏移，并进入状态 9
    IF      偏移，并进入状态 10
    WHILE   偏移，并进入状态 11
    DO      偏移，并进入状态 12
    FOR     偏移，并进入状态 13
    RETURN  偏移，并进入状态 14
    PRINT   偏移，并进入状态 15
    INPUT   偏移，并进入状态 16
    '-'     偏移，并进入状态 17
    '*'     偏移，并进入状态 18
    '!'     偏移，并进入状态 19
    '&'     偏移，并进入状态 20
    '('     偏移，并进入状态 21

    s_list  转到状态 142
    s       转到状态 87
    e       转到状态 26


状态 135

   14 s: DO '{' s_list '}' WHILE . '(' e ')' ';'

    '('  偏移，并进入状态 143


状态 136

   15 s: FOR '(' e ';' e . ';' e ')' '{' s_list '}'
   34 e: e . OR e
   35  | e . AND e
   40  | e . '<' e
   41  | e . '>' e
   42  | e . LE e
   43  | e . GE e
   44  | e . EQ e
   45  | e . NE e
   46  | e . '+' e
   47  | e . '-' e
   48  | e . '*' e
   49  | e . '/' e
   50  | e . '%' e
   51  | e . '^' e
   55  | e . '=' e
   60  | e . INC
   61  | e . DEC

    INC  偏移，并进入状态 52
    DEC  偏移，并进入状态 53
    LE   偏移，并进入状态 54
    GE   偏移，并进入状态 55
    EQ   偏移，并进入状态 56
    NE   偏移，并进入状态 57
    AND  偏移，并进入状态 58
    OR   偏移，并进入状态 59
    '='  偏移，并进入状态 60
    '>'  偏移，并进入状态 61
    '<'  偏移，并进入状态 62
    '+'  偏移，并进入状态 63
    '-'  偏移，并进入状态 64
    '*'  偏移，并进入状态 65
    '/'  偏移，并进入状态 66
    '%'  偏移，并进入状态 67
    '^'  偏移，并进入状态 68
    ';'  偏移，并进入状态 144


状态 137

   18 s: PRINT '(' e ')' ';' .

    $default  使用规则 18 以归约 (s)


状态 138

    8 p: T ID '(' ')' '{' s_list . '}'

    '}'  偏移，并进入状态 145


状态 139

    7 p: T ID '(' dec_param_list ')' '{' . s_list '}'

    ID      偏移，并进入状态 2
    NUM     偏移，并进入状态 3
    STR     偏移，并进入状态 4
    T       偏移，并进入状态 85
    TRUE    偏移，并进入状态 6
    FALSE   偏移，并进入状态 7
    INC     偏移，并进入状态 8
    DEC     偏移，并进入状态 9
    IF      偏移，并进入状态 10
    WHILE   偏移，并进入状态 11
    DO      偏移，并进入状态 12
    FOR     偏移，并进入状态 13
    RETURN  偏移，并进入状态 14
    PRINT   偏移，并进入状态 15
    INPUT   偏移，并进入状态 16
    '-'     偏移，并进入状态 17
    '*'     偏移，并进入状态 18
    '!'     偏移，并进入状态 19
    '&'     偏移，并进入状态 20
    '('     偏移，并进入状态 21

    s_list  转到状态 146
    s       转到状态 87
    e       转到状态 26


状态 140

   21 dec_param_list: dec_param ',' dec_param_list .

    $default  使用规则 21 以归约 (dec_param_list)


状态 141

   11 s: IF '(' e ')' '{' s_list . '}'
   12  | IF '(' e ')' '{' s_list . '}' ELSE '{' s_list '}'

    '}'  偏移，并进入状态 147


状态 142

   13 s: WHILE '(' e ')' '{' s_list . '}'

    '}'  偏移，并进入状态 148


状态 143

   14 s: DO '{' s_list '}' WHILE '(' . e ')' ';'

    ID     偏移，并进入状态 2
    NUM    偏移，并进入状态 3
    STR    偏移，并进入状态 4
    TRUE   偏移，并进入状态 6
    FALSE  偏移，并进入状态 7
    INC    偏移，并进入状态 8
    DEC    偏移，并进入状态 9
    INPUT  偏移，并进入状态 16
    '-'    偏移，并进入状态 17
    '*'    偏移，并进入状态 18
    '!'    偏移，并进入状态 19
    '&'    偏移，并进入状态 20
    '('    偏移，并进入状态 21

    e  转到状态 149


状态 144

   15 s: FOR '(' e ';' e ';' . e ')' '{' s_list '}'

    ID     偏移，并进入状态 2
    NUM    偏移，并进入状态 3
    STR    偏移，并进入状态 4
    TRUE   偏移，并进入状态 6
    FALSE  偏移，并进入状态 7
    INC    偏移，并进入状态 8
    DEC    偏移，并进入状态 9
    INPUT  偏移，并进入状态 16
    '-'    偏移，并进入状态 17
    '*'    偏移，并进入状态 18
    '!'    偏移，并进入状态 19
    '&'    偏移，并进入状态 20
    '('    偏移，并进入状态 21

    e  转到状态 150


状态 145

    8 p: T ID '(' ')' '{' s_list '}' .

    $default  使用规则 8 以归约 (p)


状态 146

    7 p: T ID '(' dec_param_list ')' '{' s_list . '}'

    '}'  偏移，并进入状态 151


状态 147

   11 s: IF '(' e ')' '{' s_list '}' .
   12  | IF '(' e ')' '{' s_list '}' . ELSE '{' s_list '}'

    ELSE  偏移，并进入状态 152

    $default  使用规则 11 以归约 (s)


状态 148

   13 s: WHILE '(' e ')' '{' s_list '}' .

    $default  使用规则 13 以归约 (s)


状态 149

   14 s: DO '{' s_list '}' WHILE '(' e . ')' ';'
   34 e: e . OR e
   35  | e . AND e
   40  | e . '<' e
   41  | e . '>' e
   42  | e . LE e
   43  | e . GE e
   44  | e . EQ e
   45  | e . NE e
   46  | e . '+' e
   47  | e . '-' e
   48  | e . '*' e
   49  | e . '/' e
   50  | e . '%' e
   51  | e . '^' e
   55  | e . '=' e
   60  | e . INC
   61  | e . DEC

    INC  偏移，并进入状态 52
    DEC  偏移，并进入状态 53
    LE   偏移，并进入状态 54
    GE   偏移，并进入状态 55
    EQ   偏移，并进入状态 56
    NE   偏移，并进入状态 57
    AND  偏移，并进入状态 58
    OR   偏移，并进入状态 59
    '='  偏移，并进入状态 60
    '>'  偏移，并进入状态 61
    '<'  偏移，并进入状态 62
    '+'  偏移，并进入状态 63
    '-'  偏移，并进入状态 64
    '*'  偏移，并进入状态 65
    '/'  偏移，并进入状态 66
    '%'  偏移，并进入状态 67
    '^'  偏移，并进入状态 68
    ')'  偏移，并进入状态 153


状态 150

   15 s: FOR '(' e ';' e ';' e . ')' '{' s_list '}'
   34 e: e . OR e
   35  | e . AND e
   40  | e . '<' e
   41  | e . '>' e
   42  | e . LE e
   43  | e . GE e
   44  | e . EQ e
   45  | e . NE e
   46  | e . '+' e
   47  | e . '-' e
   48  | e . '*' e
   49  | e . '/' e
   50  | e . '%' e
   51  | e . '^' e
   55  | e . '=' e
   60  | e . INC
   61  | e . DEC

    INC  偏移，并进入状态 52
    DEC  偏移，并进入状态 53
    LE   偏移，并进入状态 54
    GE   偏移，并进入状态 55
    EQ   偏移，并进入状态 56
    NE   偏移，并进入状态 57
    AND  偏移，并进入状态 58
    OR   偏移，并进入状态 59
    '='  偏移，并进入状态 60
    '>'  偏移，并进入状态 61
    '<'  偏移，并进入状态 62
    '+'  偏移，并进入状态 63
    '-'  偏移，并进入状态 64
    '*'  偏移，并进入状态 65
    '/'  偏移，并进入状态 66
    '%'  偏移，并进入状态 67
    '^'  偏移，并进入状态 68
    ')'  偏移，并进入状态 154


状态 151

    7 p: T ID '(' dec_param_list ')' '{' s_list '}' .

    $default  使用规则 7 以归约 (p)


状态 152

   12 s: IF '(' e ')' '{' s_list '}' ELSE . '{' s_list '}'

    '{'  偏移，并进入状态 155


状态 153

   14 s: DO '{' s_list '}' WHILE '(' e ')' . ';'

    ';'  偏移，并进入状态 156


状态 154

   15 s: FOR '(' e ';' e ';' e ')' . '{' s_list '}'

    '{'  偏移，并进入状态 157


状态 155

   12 s: IF '(' e ')' '{' s_list '}' ELSE '{' . s_list '}'

    ID      偏移，并进入状态 2
    NUM     偏移，并进入状态 3
    STR     偏移，并进入状态 4
    T       偏移，并进入状态 85
    TRUE    偏移，并进入状态 6
    FALSE   偏移，并进入状态 7
    INC     偏移，并进入状态 8
    DEC     偏移，并进入状态 9
    IF      偏移，并进入状态 10
    WHILE   偏移，并进入状态 11
    DO      偏移，并进入状态 12
    FOR     偏移，并进入状态 13
    RETURN  偏移，并进入状态 14
    PRINT   偏移，并进入状态 15
    INPUT   偏移，并进入状态 16
    '-'     偏移，并进入状态 17
    '*'     偏移，并进入状态 18
    '!'     偏移，并进入状态 19
    '&'     偏移，并进入状态 20
    '('     偏移，并进入状态 21

    s_list  转到状态 158
    s       转到状态 87
    e       转到状态 26


状态 156

   14 s: DO '{' s_list '}' WHILE '(' e ')' ';' .

    $default  使用规则 14 以归约 (s)


状态 157

   15 s: FOR '(' e ';' e ';' e ')' '{' . s_list '}'

    ID      偏移，并进入状态 2
    NUM     偏移，并进入状态 3
    STR     偏移，并进入状态 4
    T       偏移，并进入状态 85
    TRUE    偏移，并进入状态 6
    FALSE   偏移，并进入状态 7
    INC     偏移，并进入状态 8
    DEC     偏移，并进入状态 9
    IF      偏移，并进入状态 10
    WHILE   偏移，并进入状态 11
    DO      偏移，并进入状态 12
    FOR     偏移，并进入状态 13
    RETURN  偏移，并进入状态 14
    PRINT   偏移，并进入状态 15
    INPUT   偏移，并进入状态 16
    '-'     偏移，并进入状态 17
    '*'     偏移，并进入状态 18
    '!'     偏移，并进入状态 19
    '&'     偏移，并进入状态 20
    '('     偏移，并进入状态 21

    s_list  转到状态 159
    s       转到状态 87
    e       转到状态 26


状态 158

   12 s: IF '(' e ')' '{' s_list '}' ELSE '{' s_list . '}'

    '}'  偏移，并进入状态 160


状态 159

   15 s: FOR '(' e ';' e ';' e ')' '{' s_list . '}'

    '}'  偏移，并进入状态 161


状态 160

   12 s: IF '(' e ')' '{' s_list '}' ELSE '{' s_list '}' .

    $default  使用规则 12 以归约 (s)


状态 161

   15 s: FOR '(' e ';' e ';' e ')' '{' s_list '}' .

    $default  使用规则 15 以归约 (s)
